Start testing: Jun 02 17:40 CST
----------------------------------------------------------
1/1 Testing: rayTracer-tests
1/1 Test: rayTracer-tests
Command: "/home/alex/Work/rayTracer/bin/debug/rayTracer_test"
Directory: /home/alex/Work/rayTracer/build
"rayTracer-tests" start time: Jun 02 17:40 CST
Output:
----------------------------------------------------------
[==========] Running 3 tests from 1 test case.
[----------] Global test environment set-up.
[----------] 3 tests from vec3
[ RUN      ] vec3.addition
[       OK ] vec3.addition (0 ms)
[ RUN      ] vec3.substraction
[       OK ] vec3.substraction (0 ms)
[ RUN      ] vec3.doubleMultiplication
/home/alex/Work/rayTracer/tests/test_raytracer.cpp:41: Failure
Value of: -6
Expected: c.x
Which is: -7
[  FAILED  ] vec3.doubleMultiplication (0 ms)
[----------] 3 tests from vec3 (0 ms total)

[----------] Global test environment tear-down
[==========] 3 tests from 1 test case ran. (0 ms total)
[  PASSED  ] 2 tests.
[  FAILED  ] 1 test, listed below:
[  FAILED  ] vec3.doubleMultiplication

 1 FAILED TEST
<end of output>
Test time =   0.00 sec
----------------------------------------------------------
Test Failed.
"rayTracer-tests" end time: Jun 02 17:40 CST
"rayTracer-tests" time elapsed: 00:00:00
----------------------------------------------------------

End testing: Jun 02 17:40 CST
